  Core.cpp
Core.cpp(151): warning C4018: '<' : signed/unsigned mismatch
Core.cpp(556): warning C4018: '<' : signed/unsigned mismatch
Core.cpp(563): warning C4018: '<' : signed/unsigned mismatch
Core.cpp(634): warning C4018: '<' : signed/unsigned mismatch
Core.cpp(783): warning C4101: 'counter' : unreferenced local variable
Core.cpp(783): warning C4101: 'flag3' : unreferenced local variable
Core.cpp(1442): warning C4244: '=' : conversion from 'std::chrono::system_clock::rep' to 'unsigned int', possible loss of data
Core.cpp(1495): warning C4244: '=' : conversion from 'std::chrono::system_clock::rep' to 'unsigned int', possible loss of data
Core.cpp(1549): warning C4244: '=' : conversion from 'std::chrono::system_clock::rep' to 'unsigned int', possible loss of data
Core.cpp(1599): warning C4244: '=' : conversion from 'std::chrono::system_clock::rep' to 'unsigned int', possible loss of data
Core.cpp(1732): warning C4018: '<' : signed/unsigned mismatch
Core.cpp(1740): warning C4018: '<' : signed/unsigned mismatch
Core.cpp(1849): warning C4018: '<' : signed/unsigned mismatch
Core.cpp(2143): warning C4101: 'end2Y' : unreferenced local variable
Core.cpp(2143): warning C4101: 'end2X' : unreferenced local variable
Core.cpp(2143): warning C4101: 'end1Y' : unreferenced local variable
Core.cpp(2143): warning C4101: 'end1X' : unreferenced local variable
LINK : warning LNK4098: defaultlib 'LIBCMTD' conflicts with use of other libs; use /NODEFAULTLIB:library
  Generating code
  Finished generating code
  AutoVCS3OP.vcxproj -> C:\Users\Widhian\documents\visual studio 2012\Projects\AutoVCS3OP\Release\AutoVCS3OP.exe
